[18-Mar-2024 05:08:30 UTC] WordPress database error Table 'local.wp_wpdm_visitors' doesn't exist for query SELECT * FROM wp_wpdm_visitors WHERE ID >= 0 ORDER BY created_at DESC made by require('wp-blog-header.php'), wp, WP->main, WP->parse_request, do_action_ref_array('parse_request'), WP_Hook->do_action, WP_Hook->apply_filters, rest_api_loaded, WP_REST_Server->serve_request, WP_REST_Server->dispatch, WP_REST_Server->respond_to_request, WP_Dark_Mode\Admin\REST->get_visitors, WP_Dark_Mode\Model\Visitor->get_all
[18-Mar-2024 05:08:32 UTC] WordPress database error Table 'local.wp_wpdm_visitors' doesn't exist for query SELECT * FROM wp_wpdm_visitors WHERE ID >= 0 ORDER BY created_at DESC made by require('wp-blog-header.php'), wp, WP->main, WP->parse_request, do_action_ref_array('parse_request'), WP_Hook->do_action, WP_Hook->apply_filters, rest_api_loaded, WP_REST_Server->serve_request, WP_REST_Server->dispatch, WP_REST_Server->respond_to_request, WP_Dark_Mode\Admin\REST->get_visitors, WP_Dark_Mode\Model\Visitor->get_all
[18-Mar-2024 05:08:49 UTC] WordPress database error Table 'local.wp_wpdm_visitors' doesn't exist for query SELECT * FROM wp_wpdm_visitors WHERE ID >= 0 ORDER BY created_at DESC made by require('wp-blog-header.php'), wp, WP->main, WP->parse_request, do_action_ref_array('parse_request'), WP_Hook->do_action, WP_Hook->apply_filters, rest_api_loaded, WP_REST_Server->serve_request, WP_REST_Server->dispatch, WP_REST_Server->respond_to_request, WP_Dark_Mode\Admin\REST->get_visitors, WP_Dark_Mode\Model\Visitor->get_all
[24-Mar-2024 05:42:07 UTC] [Image Optimizer]: error in ImageOptimization\Modules\Oauth\Components\Connect::check_connect_status(): Status check error. Reason: Activation Request Failed!: Invalid activation
[24-Mar-2024 05:44:57 UTC] [Image Optimizer]: error in ImageOptimization\Modules\Oauth\Components\Connect::check_connect_status(): Status check error. Reason: Activation Request Failed!: Invalid activation
[24-Mar-2024 05:45:02 UTC] [Image Optimizer]: error in ImageOptimization\Modules\Oauth\Components\Connect::check_connect_status(): Status check error. Reason: Activation Request Failed!: Invalid activation
[24-Mar-2024 05:45:07 UTC] [Image Optimizer]: error in ImageOptimization\Modules\Oauth\Components\Connect::check_connect_status(): Status check error. Reason: Activation Request Failed!: Invalid activation
[24-Mar-2024 05:45:20 UTC] [Image Optimizer]: error in ImageOptimization\Modules\Oauth\Components\Connect::check_connect_status(): Status check error. Reason: Activation Request Failed!: Invalid activation
[24-Mar-2024 05:45:37 UTC] [Image Optimizer]: error in ImageOptimization\Modules\Oauth\Components\Connect::check_connect_status(): Status check error. Reason: Activation Request Failed!: Invalid activation
[24-Mar-2024 05:45:42 UTC] [Image Optimizer]: error in ImageOptimization\Modules\Oauth\Components\Connect::check_connect_status(): Status check error. Reason: Activation Request Failed!: Invalid activation
[24-Mar-2024 05:45:47 UTC] [Image Optimizer]: error in ImageOptimization\Modules\Oauth\Components\Connect::check_connect_status(): Status check error. Reason: Activation Request Failed!: Invalid activation
[24-Mar-2024 05:45:52 UTC] [Image Optimizer]: error in ImageOptimization\Modules\Oauth\Components\Connect::check_connect_status(): Status check error. Reason: Activation Request Failed!: Invalid activation
[24-Mar-2024 05:46:30 UTC] [Image Optimizer]: error in ImageOptimization\Modules\Oauth\Components\Connect::check_connect_status(): Status check error. Reason: Activation Request Failed!: Invalid activation
[24-Mar-2024 05:46:32 UTC] [Image Optimizer]: error in ImageOptimization\Modules\Oauth\Components\Connect::check_connect_status(): Status check error. Reason: Activation Request Failed!: Invalid activation
[24-Mar-2024 05:46:38 UTC] [Image Optimizer]: error in ImageOptimization\Modules\Oauth\Components\Connect::check_connect_status(): Status check error. Reason: Activation Request Failed!: Invalid activation
[24-Mar-2024 05:46:43 UTC] [Image Optimizer]: error in ImageOptimization\Modules\Oauth\Components\Connect::check_connect_status(): Status check error. Reason: Activation Request Failed!: Invalid activation
[24-Mar-2024 05:46:48 UTC] [Image Optimizer]: error in ImageOptimization\Modules\Oauth\Components\Connect::check_connect_status(): Status check error. Reason: Activation Request Failed!: Invalid activation
[24-Mar-2024 05:46:53 UTC] [Image Optimizer]: error in ImageOptimization\Modules\Oauth\Components\Connect::check_connect_status(): Status check error. Reason: Activation Request Failed!: Invalid activation
[24-Mar-2024 05:46:58 UTC] [Image Optimizer]: error in ImageOptimization\Modules\Oauth\Components\Connect::check_connect_status(): Status check error. Reason: Activation Request Failed!: Invalid activation
[24-Mar-2024 05:47:03 UTC] [Image Optimizer]: error in ImageOptimization\Modules\Oauth\Components\Connect::check_connect_status(): Status check error. Reason: Activation Request Failed!: Invalid activation
[24-Mar-2024 05:47:08 UTC] [Image Optimizer]: error in ImageOptimization\Modules\Oauth\Components\Connect::check_connect_status(): Status check error. Reason: Activation Request Failed!: Invalid activation
[24-Mar-2024 05:47:13 UTC] [Image Optimizer]: error in ImageOptimization\Modules\Oauth\Components\Connect::check_connect_status(): Status check error. Reason: Activation Request Failed!: Invalid activation
[24-Mar-2024 05:47:18 UTC] [Image Optimizer]: error in ImageOptimization\Modules\Oauth\Components\Connect::check_connect_status(): Status check error. Reason: Activation Request Failed!: Invalid activation
[24-Mar-2024 05:47:23 UTC] [Image Optimizer]: error in ImageOptimization\Modules\Oauth\Components\Connect::check_connect_status(): Status check error. Reason: Activation Request Failed!: Invalid activation
[24-Mar-2024 05:47:36 UTC] [Image Optimizer]: error in ImageOptimization\Modules\Oauth\Components\Connect::check_connect_status(): Status check error. Reason: Activation Request Failed!: Invalid activation
[24-Mar-2024 05:47:59 UTC] [Image Optimizer]: error in ImageOptimization\Modules\Oauth\Components\Connect::check_connect_status(): Status check error. Reason: Activation Request Failed!: Invalid activation
[24-Mar-2024 05:48:02 UTC] [Image Optimizer]: error in ImageOptimization\Modules\Oauth\Components\Connect::check_connect_status(): Status check error. Reason: Activation Request Failed!: Invalid activation
[24-Mar-2024 05:48:07 UTC] [Image Optimizer]: error in ImageOptimization\Modules\Oauth\Components\Connect::check_connect_status(): Status check error. Reason: Activation Request Failed!: Invalid activation
[24-Mar-2024 05:48:12 UTC] [Image Optimizer]: error in ImageOptimization\Modules\Oauth\Components\Connect::check_connect_status(): Status check error. Reason: Activation Request Failed!: Invalid activation
[24-Mar-2024 05:48:17 UTC] [Image Optimizer]: error in ImageOptimization\Modules\Oauth\Components\Connect::check_connect_status(): Status check error. Reason: Activation Request Failed!: Invalid activation
[24-Mar-2024 05:48:22 UTC] [Image Optimizer]: error in ImageOptimization\Modules\Oauth\Components\Connect::check_connect_status(): Status check error. Reason: Activation Request Failed!: Invalid activation
[24-Mar-2024 05:48:27 UTC] [Image Optimizer]: error in ImageOptimization\Modules\Oauth\Components\Connect::check_connect_status(): Status check error. Reason: Activation Request Failed!: Invalid activation
[24-Mar-2024 05:48:36 UTC] [Image Optimizer]: error in ImageOptimization\Modules\Oauth\Components\Connect::check_connect_status(): Status check error. Reason: Activation Request Failed!: Invalid activation
[24-Mar-2024 05:48:37 UTC] [Image Optimizer]: error in ImageOptimization\Modules\Oauth\Components\Connect::check_connect_status(): Status check error. Reason: Activation Request Failed!: Invalid activation
[24-Mar-2024 05:48:42 UTC] [Image Optimizer]: error in ImageOptimization\Modules\Oauth\Components\Connect::check_connect_status(): Status check error. Reason: Activation Request Failed!: Invalid activation
[24-Mar-2024 05:48:47 UTC] [Image Optimizer]: error in ImageOptimization\Modules\Oauth\Components\Connect::check_connect_status(): Status check error. Reason: Activation Request Failed!: Invalid activation
[24-Mar-2024 05:48:52 UTC] [Image Optimizer]: error in ImageOptimization\Modules\Oauth\Components\Connect::check_connect_status(): Status check error. Reason: Activation Request Failed!: Invalid activation
[24-Mar-2024 05:48:57 UTC] [Image Optimizer]: error in ImageOptimization\Modules\Oauth\Components\Connect::check_connect_status(): Status check error. Reason: Activation Request Failed!: Invalid activation
[24-Mar-2024 05:49:02 UTC] [Image Optimizer]: error in ImageOptimization\Modules\Oauth\Components\Connect::check_connect_status(): Status check error. Reason: Activation Request Failed!: Invalid activation
[24-Mar-2024 05:49:07 UTC] [Image Optimizer]: error in ImageOptimization\Modules\Oauth\Components\Connect::check_connect_status(): Status check error. Reason: Activation Request Failed!: Invalid activation
[24-Mar-2024 05:49:13 UTC] [Image Optimizer]: error in ImageOptimization\Modules\Oauth\Components\Connect::check_connect_status(): Status check error. Reason: Activation Request Failed!: Invalid activation
[24-Mar-2024 05:49:18 UTC] [Image Optimizer]: error in ImageOptimization\Modules\Oauth\Components\Connect::check_connect_status(): Status check error. Reason: Activation Request Failed!: Invalid activation
[24-Mar-2024 05:49:23 UTC] [Image Optimizer]: error in ImageOptimization\Modules\Oauth\Components\Connect::check_connect_status(): Status check error. Reason: Activation Request Failed!: Invalid activation
[24-Mar-2024 05:49:28 UTC] [Image Optimizer]: error in ImageOptimization\Modules\Oauth\Components\Connect::check_connect_status(): Status check error. Reason: Activation Request Failed!: Invalid activation
[24-Mar-2024 05:49:37 UTC] [Image Optimizer]: error in ImageOptimization\Modules\Oauth\Components\Connect::check_connect_status(): Status check error. Reason: Activation Request Failed!: Invalid activation
[24-Mar-2024 05:49:37 UTC] [Image Optimizer]: error in ImageOptimization\Modules\Oauth\Components\Connect::check_connect_status(): Status check error. Reason: Activation Request Failed!: Invalid activation
[24-Mar-2024 05:49:46 UTC] [Image Optimizer]: error in ImageOptimization\Modules\Oauth\Components\Connect::check_connect_status(): Status check error. Reason: Activation Request Failed!: Invalid activation
[24-Mar-2024 05:49:47 UTC] [Image Optimizer]: error in ImageOptimization\Modules\Oauth\Components\Connect::check_connect_status(): Status check error. Reason: Activation Request Failed!: Invalid activation
[24-Mar-2024 05:49:52 UTC] [Image Optimizer]: error in ImageOptimization\Modules\Oauth\Components\Connect::check_connect_status(): Status check error. Reason: Activation Request Failed!: Invalid activation
[24-Mar-2024 05:49:58 UTC] [Image Optimizer]: error in ImageOptimization\Modules\Oauth\Components\Connect::check_connect_status(): Status check error. Reason: Activation Request Failed!: Invalid activation
[24-Mar-2024 05:50:03 UTC] [Image Optimizer]: error in ImageOptimization\Modules\Oauth\Components\Connect::check_connect_status(): Status check error. Reason: Activation Request Failed!: Invalid activation
[24-Mar-2024 05:50:08 UTC] [Image Optimizer]: error in ImageOptimization\Modules\Oauth\Components\Connect::check_connect_status(): Status check error. Reason: Activation Request Failed!: Invalid activation
[24-Mar-2024 05:50:13 UTC] [Image Optimizer]: error in ImageOptimization\Modules\Oauth\Components\Connect::check_connect_status(): Status check error. Reason: Activation Request Failed!: Invalid activation
[24-Mar-2024 05:50:18 UTC] [Image Optimizer]: error in ImageOptimization\Modules\Oauth\Components\Connect::check_connect_status(): Status check error. Reason: Activation Request Failed!: Invalid activation
[24-Mar-2024 05:50:23 UTC] [Image Optimizer]: error in ImageOptimization\Modules\Oauth\Components\Connect::check_connect_status(): Status check error. Reason: Activation Request Failed!: Invalid activation
[24-Mar-2024 05:50:28 UTC] [Image Optimizer]: error in ImageOptimization\Modules\Oauth\Components\Connect::check_connect_status(): Status check error. Reason: Activation Request Failed!: Invalid activation
[24-Mar-2024 05:50:33 UTC] [Image Optimizer]: error in ImageOptimization\Modules\Oauth\Components\Connect::check_connect_status(): Status check error. Reason: Activation Request Failed!: Invalid activation
[24-Mar-2024 05:50:42 UTC] [Image Optimizer]: error in ImageOptimization\Modules\Oauth\Components\Connect::check_connect_status(): Status check error. Reason: Activation Request Failed!: Invalid activation
[24-Mar-2024 05:50:43 UTC] [Image Optimizer]: error in ImageOptimization\Modules\Oauth\Components\Connect::check_connect_status(): Status check error. Reason: Activation Request Failed!: Invalid activation
[24-Mar-2024 05:50:52 UTC] [Image Optimizer]: error in ImageOptimization\Modules\Oauth\Components\Connect::check_connect_status(): Status check error. Reason: Activation Request Failed!: Invalid activation
[24-Mar-2024 05:50:53 UTC] [Image Optimizer]: error in ImageOptimization\Modules\Oauth\Components\Connect::check_connect_status(): Status check error. Reason: Activation Request Failed!: Invalid activation
[24-Mar-2024 05:50:59 UTC] [Image Optimizer]: error in ImageOptimization\Modules\Oauth\Components\Connect::check_connect_status(): Status check error. Reason: Activation Request Failed!: Invalid activation
[24-Mar-2024 05:51:59 UTC] [Image Optimizer]: error in ImageOptimization\Modules\Oauth\Components\Connect::check_connect_status(): Status check error. Reason: Activation Request Failed!: Invalid activation
[24-Mar-2024 06:02:57 UTC] PHP Fatal error:  Uncaught TypeError: Unsupported operand types: int * string in C:\Users\Koruno\Desktop\Pro\OpenClassrooms\Sites Projets Cours\Simpl Vintage\app\public\wp-content\plugins\royal-elementor-addons\modules\media-grid\widgets\wpr-media-grid.php:6561
Stack trace:
#0 C:\Users\Koruno\Desktop\Pro\OpenClassrooms\Sites Projets Cours\Simpl Vintage\app\public\wp-content\plugins\royal-elementor-addons\modules\media-grid\widgets\wpr-media-grid.php(7650): WprAddons\Modules\MediaGrid\Widgets\Wpr_Media_Grid->get_main_query_args()
#1 C:\Users\Koruno\Desktop\Pro\OpenClassrooms\Sites Projets Cours\Simpl Vintage\app\public\wp-content\plugins\elementor\includes\base\controls-stack.php(2321): WprAddons\Modules\MediaGrid\Widgets\Wpr_Media_Grid->render()
#2 C:\Users\Koruno\Desktop\Pro\OpenClassrooms\Sites Projets Cours\Simpl Vintage\app\public\wp-content\plugins\elementor\includes\base\widget-base.php(634): Elementor\Controls_Stack->render_by_mode()
#3 C:\Users\Koruno\Desktop\Pro\OpenClassrooms\Sites Projets Cours\Simpl Vintage\app\public\wp-content\plugins\elementor\core\base\document.php(372): Elementor\Widget_Base->render_content()
#4 C:\Users\Koruno\Desktop\Pro\OpenClassrooms\Sites Projets Cours\Simpl Vintage\app\public\wp-content\plugins\elementor\includes\managers\widgets.php(461): Elementor\Core\Base\Document->render_element(Array)
#5 [internal function]: Elementor\Widgets_Manager->ajax_render_widget(Array, Object(Elementor\Core\Common\Modules\Ajax\Module))
#6 C:\Users\Koruno\Desktop\Pro\OpenClassrooms\Sites Projets Cours\Simpl Vintage\app\public\wp-content\plugins\elementor\core\common\modules\ajax\module.php(176): call_user_func(Array, Array, Object(Elementor\Core\Common\Modules\Ajax\Module))
#7 C:\Users\Koruno\Desktop\Pro\OpenClassrooms\Sites Projets Cours\Simpl Vintage\app\public\wp-includes\class-wp-hook.php(324): Elementor\Core\Common\Modules\Ajax\Module->handle_ajax_request('')
#8 C:\Users\Koruno\Desktop\Pro\OpenClassrooms\Sites Projets Cours\Simpl Vintage\app\public\wp-includes\class-wp-hook.php(348): WP_Hook->apply_filters(NULL, Array)
#9 C:\Users\Koruno\Desktop\Pro\OpenClassrooms\Sites Projets Cours\Simpl Vintage\app\public\wp-includes\plugin.php(517): WP_Hook->do_action(Array)
#10 C:\Users\Koruno\Desktop\Pro\OpenClassrooms\Sites Projets Cours\Simpl Vintage\app\public\wp-admin\admin-ajax.php(188): do_action('wp_ajax_element...')
#11 {main}
  thrown in C:\Users\Koruno\Desktop\Pro\OpenClassrooms\Sites Projets Cours\Simpl Vintage\app\public\wp-content\plugins\royal-elementor-addons\modules\media-grid\widgets\wpr-media-grid.php on line 6561
[28-Apr-2024 13:27:23 UTC] PHP Warning:  Undefined variable $qsid in C:\Users\Koruno\Desktop\Pro\OpenClassrooms\Sites Projets Cours\Simpl Vintage\app\public\wp-content\plugins\child-theme-configurator\includes\classes\CSS.php on line 958
[28-Apr-2024 13:27:23 UTC] PHP Warning:  Undefined variable $qsid in C:\Users\Koruno\Desktop\Pro\OpenClassrooms\Sites Projets Cours\Simpl Vintage\app\public\wp-content\plugins\child-theme-configurator\includes\classes\CSS.php on line 960
[28-Apr-2024 13:27:23 UTC] PHP Warning:  Undefined variable $qsid in C:\Users\Koruno\Desktop\Pro\OpenClassrooms\Sites Projets Cours\Simpl Vintage\app\public\wp-content\plugins\child-theme-configurator\includes\classes\CSS.php on line 967
[28-Apr-2024 13:27:23 UTC] PHP Warning:  Undefined variable $qsid in C:\Users\Koruno\Desktop\Pro\OpenClassrooms\Sites Projets Cours\Simpl Vintage\app\public\wp-content\plugins\child-theme-configurator\includes\classes\CSS.php on line 968
[28-Apr-2024 13:27:23 UTC] PHP Warning:  Undefined variable $qsid in C:\Users\Koruno\Desktop\Pro\OpenClassrooms\Sites Projets Cours\Simpl Vintage\app\public\wp-content\plugins\child-theme-configurator\includes\classes\CSS.php on line 971
[14-May-2024 09:51:42 UTC] PHP Warning:  require_once(C:\Users\Koruno\Desktop\Pro\OpenClassrooms\Sites Projets Cours\Simpl Vintage\app\public\wp-content\plugins\header-footer-elementor/vendor/autoload.php): Failed to open stream: No such file or directory in C:\Users\Koruno\Desktop\Pro\OpenClassrooms\Sites Projets Cours\Simpl Vintage\app\public\wp-content\plugins\header-footer-elementor\header-footer-elementor.php on line 32
[14-May-2024 09:51:42 UTC] PHP Fatal error:  Uncaught Error: Failed opening required 'C:\Users\Koruno\Desktop\Pro\OpenClassrooms\Sites Projets Cours\Simpl Vintage\app\public\wp-content\plugins\header-footer-elementor/vendor/autoload.php' (include_path='.:/usr/share/php:/www/wp-content/pear') in C:\Users\Koruno\Desktop\Pro\OpenClassrooms\Sites Projets Cours\Simpl Vintage\app\public\wp-content\plugins\header-footer-elementor\header-footer-elementor.php:32
Stack trace:
#0 C:\Users\Koruno\Desktop\Pro\OpenClassrooms\Sites Projets Cours\Simpl Vintage\app\public\wp-settings.php(517): include_once()
#1 C:\Users\Koruno\Desktop\Pro\OpenClassrooms\Sites Projets Cours\Simpl Vintage\app\public\wp-config.php(103): require_once('C:\\Users\\Koruno...')
#2 C:\Users\Koruno\Desktop\Pro\OpenClassrooms\Sites Projets Cours\Simpl Vintage\app\public\wp-load.php(50): require_once('C:\\Users\\Koruno...')
#3 C:\Users\Koruno\Desktop\Pro\OpenClassrooms\Sites Projets Cours\Simpl Vintage\app\public\wp-admin\admin.php(34): require_once('C:\\Users\\Koruno...')
#4 C:\Users\Koruno\Desktop\Pro\OpenClassrooms\Sites Projets Cours\Simpl Vintage\app\public\wp-admin\update-core.php(10): require_once('C:\\Users\\Koruno...')
#5 {main}
  thrown in C:\Users\Koruno\Desktop\Pro\OpenClassrooms\Sites Projets Cours\Simpl Vintage\app\public\wp-content\plugins\header-footer-elementor\header-footer-elementor.php on line 32
[14-May-2024 09:51:50 UTC] PHP Warning:  require_once(C:\Users\Koruno\Desktop\Pro\OpenClassrooms\Sites Projets Cours\Simpl Vintage\app\public\wp-content\plugins\header-footer-elementor/vendor/autoload.php): Failed to open stream: No such file or directory in C:\Users\Koruno\Desktop\Pro\OpenClassrooms\Sites Projets Cours\Simpl Vintage\app\public\wp-content\plugins\header-footer-elementor\header-footer-elementor.php on line 32
[14-May-2024 09:51:50 UTC] PHP Fatal error:  Uncaught Error: Failed opening required 'C:\Users\Koruno\Desktop\Pro\OpenClassrooms\Sites Projets Cours\Simpl Vintage\app\public\wp-content\plugins\header-footer-elementor/vendor/autoload.php' (include_path='.:/usr/share/php:/www/wp-content/pear') in C:\Users\Koruno\Desktop\Pro\OpenClassrooms\Sites Projets Cours\Simpl Vintage\app\public\wp-content\plugins\header-footer-elementor\header-footer-elementor.php:32
Stack trace:
#0 C:\Users\Koruno\Desktop\Pro\OpenClassrooms\Sites Projets Cours\Simpl Vintage\app\public\wp-settings.php(517): include_once()
#1 C:\Users\Koruno\Desktop\Pro\OpenClassrooms\Sites Projets Cours\Simpl Vintage\app\public\wp-config.php(103): require_once('C:\\Users\\Koruno...')
#2 C:\Users\Koruno\Desktop\Pro\OpenClassrooms\Sites Projets Cours\Simpl Vintage\app\public\wp-load.php(50): require_once('C:\\Users\\Koruno...')
#3 C:\Users\Koruno\Desktop\Pro\OpenClassrooms\Sites Projets Cours\Simpl Vintage\app\public\wp-admin\admin.php(34): require_once('C:\\Users\\Koruno...')
#4 C:\Users\Koruno\Desktop\Pro\OpenClassrooms\Sites Projets Cours\Simpl Vintage\app\public\wp-admin\update-core.php(10): require_once('C:\\Users\\Koruno...')
#5 {main}
  thrown in C:\Users\Koruno\Desktop\Pro\OpenClassrooms\Sites Projets Cours\Simpl Vintage\app\public\wp-content\plugins\header-footer-elementor\header-footer-elementor.php on line 32
[14-May-2024 09:51:51 UTC] PHP Warning:  require_once(C:\Users\Koruno\Desktop\Pro\OpenClassrooms\Sites Projets Cours\Simpl Vintage\app\public\wp-content\plugins\header-footer-elementor/vendor/autoload.php): Failed to open stream: No such file or directory in C:\Users\Koruno\Desktop\Pro\OpenClassrooms\Sites Projets Cours\Simpl Vintage\app\public\wp-content\plugins\header-footer-elementor\header-footer-elementor.php on line 32
[14-May-2024 09:51:51 UTC] PHP Fatal error:  Uncaught Error: Failed opening required 'C:\Users\Koruno\Desktop\Pro\OpenClassrooms\Sites Projets Cours\Simpl Vintage\app\public\wp-content\plugins\header-footer-elementor/vendor/autoload.php' (include_path='.:/usr/share/php:/www/wp-content/pear') in C:\Users\Koruno\Desktop\Pro\OpenClassrooms\Sites Projets Cours\Simpl Vintage\app\public\wp-content\plugins\header-footer-elementor\header-footer-elementor.php:32
Stack trace:
#0 C:\Users\Koruno\Desktop\Pro\OpenClassrooms\Sites Projets Cours\Simpl Vintage\app\public\wp-settings.php(517): include_once()
#1 C:\Users\Koruno\Desktop\Pro\OpenClassrooms\Sites Projets Cours\Simpl Vintage\app\public\wp-config.php(103): require_once('C:\\Users\\Koruno...')
#2 C:\Users\Koruno\Desktop\Pro\OpenClassrooms\Sites Projets Cours\Simpl Vintage\app\public\wp-load.php(50): require_once('C:\\Users\\Koruno...')
#3 C:\Users\Koruno\Desktop\Pro\OpenClassrooms\Sites Projets Cours\Simpl Vintage\app\public\wp-admin\admin.php(34): require_once('C:\\Users\\Koruno...')
#4 C:\Users\Koruno\Desktop\Pro\OpenClassrooms\Sites Projets Cours\Simpl Vintage\app\public\wp-admin\update-core.php(10): require_once('C:\\Users\\Koruno...')
#5 {main}
  thrown in C:\Users\Koruno\Desktop\Pro\OpenClassrooms\Sites Projets Cours\Simpl Vintage\app\public\wp-content\plugins\header-footer-elementor\header-footer-elementor.php on line 32
[14-May-2024 09:51:52 UTC] PHP Warning:  require_once(C:\Users\Koruno\Desktop\Pro\OpenClassrooms\Sites Projets Cours\Simpl Vintage\app\public\wp-content\plugins\header-footer-elementor/vendor/autoload.php): Failed to open stream: No such file or directory in C:\Users\Koruno\Desktop\Pro\OpenClassrooms\Sites Projets Cours\Simpl Vintage\app\public\wp-content\plugins\header-footer-elementor\header-footer-elementor.php on line 32
[14-May-2024 09:51:52 UTC] PHP Fatal error:  Uncaught Error: Failed opening required 'C:\Users\Koruno\Desktop\Pro\OpenClassrooms\Sites Projets Cours\Simpl Vintage\app\public\wp-content\plugins\header-footer-elementor/vendor/autoload.php' (include_path='.:/usr/share/php:/www/wp-content/pear') in C:\Users\Koruno\Desktop\Pro\OpenClassrooms\Sites Projets Cours\Simpl Vintage\app\public\wp-content\plugins\header-footer-elementor\header-footer-elementor.php:32
Stack trace:
#0 C:\Users\Koruno\Desktop\Pro\OpenClassrooms\Sites Projets Cours\Simpl Vintage\app\public\wp-settings.php(517): include_once()
#1 C:\Users\Koruno\Desktop\Pro\OpenClassrooms\Sites Projets Cours\Simpl Vintage\app\public\wp-config.php(103): require_once('C:\\Users\\Koruno...')
#2 C:\Users\Koruno\Desktop\Pro\OpenClassrooms\Sites Projets Cours\Simpl Vintage\app\public\wp-load.php(50): require_once('C:\\Users\\Koruno...')
#3 C:\Users\Koruno\Desktop\Pro\OpenClassrooms\Sites Projets Cours\Simpl Vintage\app\public\wp-admin\admin.php(34): require_once('C:\\Users\\Koruno...')
#4 C:\Users\Koruno\Desktop\Pro\OpenClassrooms\Sites Projets Cours\Simpl Vintage\app\public\wp-admin\update-core.php(10): require_once('C:\\Users\\Koruno...')
#5 {main}
  thrown in C:\Users\Koruno\Desktop\Pro\OpenClassrooms\Sites Projets Cours\Simpl Vintage\app\public\wp-content\plugins\header-footer-elementor\header-footer-elementor.php on line 32
[14-May-2024 09:51:52 UTC] PHP Warning:  require_once(C:\Users\Koruno\Desktop\Pro\OpenClassrooms\Sites Projets Cours\Simpl Vintage\app\public\wp-content\plugins\header-footer-elementor/vendor/autoload.php): Failed to open stream: No such file or directory in C:\Users\Koruno\Desktop\Pro\OpenClassrooms\Sites Projets Cours\Simpl Vintage\app\public\wp-content\plugins\header-footer-elementor\header-footer-elementor.php on line 32
[14-May-2024 09:51:52 UTC] PHP Fatal error:  Uncaught Error: Failed opening required 'C:\Users\Koruno\Desktop\Pro\OpenClassrooms\Sites Projets Cours\Simpl Vintage\app\public\wp-content\plugins\header-footer-elementor/vendor/autoload.php' (include_path='.:/usr/share/php:/www/wp-content/pear') in C:\Users\Koruno\Desktop\Pro\OpenClassrooms\Sites Projets Cours\Simpl Vintage\app\public\wp-content\plugins\header-footer-elementor\header-footer-elementor.php:32
Stack trace:
#0 C:\Users\Koruno\Desktop\Pro\OpenClassrooms\Sites Projets Cours\Simpl Vintage\app\public\wp-settings.php(517): include_once()
#1 C:\Users\Koruno\Desktop\Pro\OpenClassrooms\Sites Projets Cours\Simpl Vintage\app\public\wp-config.php(103): require_once('C:\\Users\\Koruno...')
#2 C:\Users\Koruno\Desktop\Pro\OpenClassrooms\Sites Projets Cours\Simpl Vintage\app\public\wp-load.php(50): require_once('C:\\Users\\Koruno...')
#3 C:\Users\Koruno\Desktop\Pro\OpenClassrooms\Sites Projets Cours\Simpl Vintage\app\public\wp-admin\admin.php(34): require_once('C:\\Users\\Koruno...')
#4 C:\Users\Koruno\Desktop\Pro\OpenClassrooms\Sites Projets Cours\Simpl Vintage\app\public\wp-admin\update-core.php(10): require_once('C:\\Users\\Koruno...')
#5 {main}
  thrown in C:\Users\Koruno\Desktop\Pro\OpenClassrooms\Sites Projets Cours\Simpl Vintage\app\public\wp-content\plugins\header-footer-elementor\header-footer-elementor.php on line 32
[14-May-2024 09:51:52 UTC] PHP Warning:  require_once(C:\Users\Koruno\Desktop\Pro\OpenClassrooms\Sites Projets Cours\Simpl Vintage\app\public\wp-content\plugins\header-footer-elementor/vendor/autoload.php): Failed to open stream: No such file or directory in C:\Users\Koruno\Desktop\Pro\OpenClassrooms\Sites Projets Cours\Simpl Vintage\app\public\wp-content\plugins\header-footer-elementor\header-footer-elementor.php on line 32
[14-May-2024 09:51:52 UTC] PHP Fatal error:  Uncaught Error: Failed opening required 'C:\Users\Koruno\Desktop\Pro\OpenClassrooms\Sites Projets Cours\Simpl Vintage\app\public\wp-content\plugins\header-footer-elementor/vendor/autoload.php' (include_path='.:/usr/share/php:/www/wp-content/pear') in C:\Users\Koruno\Desktop\Pro\OpenClassrooms\Sites Projets Cours\Simpl Vintage\app\public\wp-content\plugins\header-footer-elementor\header-footer-elementor.php:32
Stack trace:
#0 C:\Users\Koruno\Desktop\Pro\OpenClassrooms\Sites Projets Cours\Simpl Vintage\app\public\wp-settings.php(517): include_once()
#1 C:\Users\Koruno\Desktop\Pro\OpenClassrooms\Sites Projets Cours\Simpl Vintage\app\public\wp-config.php(103): require_once('C:\\Users\\Koruno...')
#2 C:\Users\Koruno\Desktop\Pro\OpenClassrooms\Sites Projets Cours\Simpl Vintage\app\public\wp-load.php(50): require_once('C:\\Users\\Koruno...')
#3 C:\Users\Koruno\Desktop\Pro\OpenClassrooms\Sites Projets Cours\Simpl Vintage\app\public\wp-admin\admin.php(34): require_once('C:\\Users\\Koruno...')
#4 C:\Users\Koruno\Desktop\Pro\OpenClassrooms\Sites Projets Cours\Simpl Vintage\app\public\wp-admin\update-core.php(10): require_once('C:\\Users\\Koruno...')
#5 {main}
  thrown in C:\Users\Koruno\Desktop\Pro\OpenClassrooms\Sites Projets Cours\Simpl Vintage\app\public\wp-content\plugins\header-footer-elementor\header-footer-elementor.php on line 32
[14-May-2024 09:51:52 UTC] PHP Warning:  require_once(C:\Users\Koruno\Desktop\Pro\OpenClassrooms\Sites Projets Cours\Simpl Vintage\app\public\wp-content\plugins\header-footer-elementor/vendor/autoload.php): Failed to open stream: No such file or directory in C:\Users\Koruno\Desktop\Pro\OpenClassrooms\Sites Projets Cours\Simpl Vintage\app\public\wp-content\plugins\header-footer-elementor\header-footer-elementor.php on line 32
[14-May-2024 09:51:52 UTC] PHP Fatal error:  Uncaught Error: Failed opening required 'C:\Users\Koruno\Desktop\Pro\OpenClassrooms\Sites Projets Cours\Simpl Vintage\app\public\wp-content\plugins\header-footer-elementor/vendor/autoload.php' (include_path='.:/usr/share/php:/www/wp-content/pear') in C:\Users\Koruno\Desktop\Pro\OpenClassrooms\Sites Projets Cours\Simpl Vintage\app\public\wp-content\plugins\header-footer-elementor\header-footer-elementor.php:32
Stack trace:
#0 C:\Users\Koruno\Desktop\Pro\OpenClassrooms\Sites Projets Cours\Simpl Vintage\app\public\wp-settings.php(517): include_once()
#1 C:\Users\Koruno\Desktop\Pro\OpenClassrooms\Sites Projets Cours\Simpl Vintage\app\public\wp-config.php(103): require_once('C:\\Users\\Koruno...')
#2 C:\Users\Koruno\Desktop\Pro\OpenClassrooms\Sites Projets Cours\Simpl Vintage\app\public\wp-load.php(50): require_once('C:\\Users\\Koruno...')
#3 C:\Users\Koruno\Desktop\Pro\OpenClassrooms\Sites Projets Cours\Simpl Vintage\app\public\wp-admin\admin.php(34): require_once('C:\\Users\\Koruno...')
#4 C:\Users\Koruno\Desktop\Pro\OpenClassrooms\Sites Projets Cours\Simpl Vintage\app\public\wp-admin\update-core.php(10): require_once('C:\\Users\\Koruno...')
#5 {main}
  thrown in C:\Users\Koruno\Desktop\Pro\OpenClassrooms\Sites Projets Cours\Simpl Vintage\app\public\wp-content\plugins\header-footer-elementor\header-footer-elementor.php on line 32
[14-May-2024 09:51:53 UTC] PHP Warning:  require_once(C:\Users\Koruno\Desktop\Pro\OpenClassrooms\Sites Projets Cours\Simpl Vintage\app\public\wp-content\plugins\header-footer-elementor/vendor/autoload.php): Failed to open stream: No such file or directory in C:\Users\Koruno\Desktop\Pro\OpenClassrooms\Sites Projets Cours\Simpl Vintage\app\public\wp-content\plugins\header-footer-elementor\header-footer-elementor.php on line 32
[14-May-2024 09:51:53 UTC] PHP Fatal error:  Uncaught Error: Failed opening required 'C:\Users\Koruno\Desktop\Pro\OpenClassrooms\Sites Projets Cours\Simpl Vintage\app\public\wp-content\plugins\header-footer-elementor/vendor/autoload.php' (include_path='.:/usr/share/php:/www/wp-content/pear') in C:\Users\Koruno\Desktop\Pro\OpenClassrooms\Sites Projets Cours\Simpl Vintage\app\public\wp-content\plugins\header-footer-elementor\header-footer-elementor.php:32
Stack trace:
#0 C:\Users\Koruno\Desktop\Pro\OpenClassrooms\Sites Projets Cours\Simpl Vintage\app\public\wp-settings.php(517): include_once()
#1 C:\Users\Koruno\Desktop\Pro\OpenClassrooms\Sites Projets Cours\Simpl Vintage\app\public\wp-config.php(103): require_once('C:\\Users\\Koruno...')
#2 C:\Users\Koruno\Desktop\Pro\OpenClassrooms\Sites Projets Cours\Simpl Vintage\app\public\wp-load.php(50): require_once('C:\\Users\\Koruno...')
#3 C:\Users\Koruno\Desktop\Pro\OpenClassrooms\Sites Projets Cours\Simpl Vintage\app\public\wp-admin\admin.php(34): require_once('C:\\Users\\Koruno...')
#4 C:\Users\Koruno\Desktop\Pro\OpenClassrooms\Sites Projets Cours\Simpl Vintage\app\public\wp-admin\about.php(10): require_once('C:\\Users\\Koruno...')
#5 {main}
  thrown in C:\Users\Koruno\Desktop\Pro\OpenClassrooms\Sites Projets Cours\Simpl Vintage\app\public\wp-content\plugins\header-footer-elementor\header-footer-elementor.php on line 32
[14-May-2024 09:51:58 UTC] PHP Warning:  require_once(C:\Users\Koruno\Desktop\Pro\OpenClassrooms\Sites Projets Cours\Simpl Vintage\app\public\wp-content\plugins\header-footer-elementor/vendor/autoload.php): Failed to open stream: No such file or directory in C:\Users\Koruno\Desktop\Pro\OpenClassrooms\Sites Projets Cours\Simpl Vintage\app\public\wp-content\plugins\header-footer-elementor\header-footer-elementor.php on line 32
[14-May-2024 09:51:58 UTC] PHP Fatal error:  Uncaught Error: Failed opening required 'C:\Users\Koruno\Desktop\Pro\OpenClassrooms\Sites Projets Cours\Simpl Vintage\app\public\wp-content\plugins\header-footer-elementor/vendor/autoload.php' (include_path='.:/usr/share/php:/www/wp-content/pear') in C:\Users\Koruno\Desktop\Pro\OpenClassrooms\Sites Projets Cours\Simpl Vintage\app\public\wp-content\plugins\header-footer-elementor\header-footer-elementor.php:32
Stack trace:
#0 C:\Users\Koruno\Desktop\Pro\OpenClassrooms\Sites Projets Cours\Simpl Vintage\app\public\wp-settings.php(517): include_once()
#1 C:\Users\Koruno\Desktop\Pro\OpenClassrooms\Sites Projets Cours\Simpl Vintage\app\public\wp-config.php(103): require_once('C:\\Users\\Koruno...')
#2 C:\Users\Koruno\Desktop\Pro\OpenClassrooms\Sites Projets Cours\Simpl Vintage\app\public\wp-load.php(50): require_once('C:\\Users\\Koruno...')
#3 C:\Users\Koruno\Desktop\Pro\OpenClassrooms\Sites Projets Cours\Simpl Vintage\app\public\wp-admin\admin.php(34): require_once('C:\\Users\\Koruno...')
#4 C:\Users\Koruno\Desktop\Pro\OpenClassrooms\Sites Projets Cours\Simpl Vintage\app\public\wp-admin\index.php(10): require_once('C:\\Users\\Koruno...')
#5 {main}
  thrown in C:\Users\Koruno\Desktop\Pro\OpenClassrooms\Sites Projets Cours\Simpl Vintage\app\public\wp-content\plugins\header-footer-elementor\header-footer-elementor.php on line 32
[14-May-2024 09:52:27 UTC] PHP Warning:  require_once(C:\Users\Koruno\Desktop\Pro\OpenClassrooms\Sites Projets Cours\Simpl Vintage\app\public\wp-content\plugins\header-footer-elementor/vendor/autoload.php): Failed to open stream: No such file or directory in C:\Users\Koruno\Desktop\Pro\OpenClassrooms\Sites Projets Cours\Simpl Vintage\app\public\wp-content\plugins\header-footer-elementor\header-footer-elementor.php on line 32
[14-May-2024 09:52:27 UTC] PHP Fatal error:  Uncaught Error: Failed opening required 'C:\Users\Koruno\Desktop\Pro\OpenClassrooms\Sites Projets Cours\Simpl Vintage\app\public\wp-content\plugins\header-footer-elementor/vendor/autoload.php' (include_path='.:/usr/share/php:/www/wp-content/pear') in C:\Users\Koruno\Desktop\Pro\OpenClassrooms\Sites Projets Cours\Simpl Vintage\app\public\wp-content\plugins\header-footer-elementor\header-footer-elementor.php:32
Stack trace:
#0 C:\Users\Koruno\Desktop\Pro\OpenClassrooms\Sites Projets Cours\Simpl Vintage\app\public\wp-settings.php(517): include_once()
#1 C:\Users\Koruno\Desktop\Pro\OpenClassrooms\Sites Projets Cours\Simpl Vintage\app\public\wp-config.php(103): require_once('C:\\Users\\Koruno...')
#2 C:\Users\Koruno\Desktop\Pro\OpenClassrooms\Sites Projets Cours\Simpl Vintage\app\public\wp-load.php(50): require_once('C:\\Users\\Koruno...')
#3 C:\Users\Koruno\Desktop\Pro\OpenClassrooms\Sites Projets Cours\Simpl Vintage\app\public\wp-admin\admin.php(34): require_once('C:\\Users\\Koruno...')
#4 C:\Users\Koruno\Desktop\Pro\OpenClassrooms\Sites Projets Cours\Simpl Vintage\app\public\wp-admin\index.php(10): require_once('C:\\Users\\Koruno...')
#5 {main}
  thrown in C:\Users\Koruno\Desktop\Pro\OpenClassrooms\Sites Projets Cours\Simpl Vintage\app\public\wp-content\plugins\header-footer-elementor\header-footer-elementor.php on line 32
[14-May-2024 09:53:04 UTC] PHP Warning:  require_once(C:\Users\Koruno\Desktop\Pro\OpenClassrooms\Sites Projets Cours\Simpl Vintage\app\public\wp-content\plugins\header-footer-elementor/vendor/autoload.php): Failed to open stream: No such file or directory in C:\Users\Koruno\Desktop\Pro\OpenClassrooms\Sites Projets Cours\Simpl Vintage\app\public\wp-content\plugins\header-footer-elementor\header-footer-elementor.php on line 32
[14-May-2024 09:53:04 UTC] PHP Fatal error:  Uncaught Error: Failed opening required 'C:\Users\Koruno\Desktop\Pro\OpenClassrooms\Sites Projets Cours\Simpl Vintage\app\public\wp-content\plugins\header-footer-elementor/vendor/autoload.php' (include_path='.:/usr/share/php:/www/wp-content/pear') in C:\Users\Koruno\Desktop\Pro\OpenClassrooms\Sites Projets Cours\Simpl Vintage\app\public\wp-content\plugins\header-footer-elementor\header-footer-elementor.php:32
Stack trace:
#0 C:\Users\Koruno\Desktop\Pro\OpenClassrooms\Sites Projets Cours\Simpl Vintage\app\public\wp-settings.php(517): include_once()
#1 C:\Users\Koruno\Desktop\Pro\OpenClassrooms\Sites Projets Cours\Simpl Vintage\app\public\wp-config.php(103): require_once('C:\\Users\\Koruno...')
#2 C:\Users\Koruno\Desktop\Pro\OpenClassrooms\Sites Projets Cours\Simpl Vintage\app\public\wp-load.php(50): require_once('C:\\Users\\Koruno...')
#3 C:\Users\Koruno\Desktop\Pro\OpenClassrooms\Sites Projets Cours\Simpl Vintage\app\public\wp-admin\admin.php(34): require_once('C:\\Users\\Koruno...')
#4 C:\Users\Koruno\Desktop\Pro\OpenClassrooms\Sites Projets Cours\Simpl Vintage\app\public\wp-admin\index.php(10): require_once('C:\\Users\\Koruno...')
#5 {main}
  thrown in C:\Users\Koruno\Desktop\Pro\OpenClassrooms\Sites Projets Cours\Simpl Vintage\app\public\wp-content\plugins\header-footer-elementor\header-footer-elementor.php on line 32
[14-May-2024 09:53:12 UTC] PHP Warning:  require_once(C:\Users\Koruno\Desktop\Pro\OpenClassrooms\Sites Projets Cours\Simpl Vintage\app\public\wp-content\plugins\header-footer-elementor/vendor/autoload.php): Failed to open stream: No such file or directory in C:\Users\Koruno\Desktop\Pro\OpenClassrooms\Sites Projets Cours\Simpl Vintage\app\public\wp-content\plugins\header-footer-elementor\header-footer-elementor.php on line 32
[14-May-2024 09:53:12 UTC] PHP Fatal error:  Uncaught Error: Failed opening required 'C:\Users\Koruno\Desktop\Pro\OpenClassrooms\Sites Projets Cours\Simpl Vintage\app\public\wp-content\plugins\header-footer-elementor/vendor/autoload.php' (include_path='.:/usr/share/php:/www/wp-content/pear') in C:\Users\Koruno\Desktop\Pro\OpenClassrooms\Sites Projets Cours\Simpl Vintage\app\public\wp-content\plugins\header-footer-elementor\header-footer-elementor.php:32
Stack trace:
#0 C:\Users\Koruno\Desktop\Pro\OpenClassrooms\Sites Projets Cours\Simpl Vintage\app\public\wp-settings.php(517): include_once()
#1 C:\Users\Koruno\Desktop\Pro\OpenClassrooms\Sites Projets Cours\Simpl Vintage\app\public\wp-config.php(103): require_once('C:\\Users\\Koruno...')
#2 C:\Users\Koruno\Desktop\Pro\OpenClassrooms\Sites Projets Cours\Simpl Vintage\app\public\wp-load.php(50): require_once('C:\\Users\\Koruno...')
#3 C:\Users\Koruno\Desktop\Pro\OpenClassrooms\Sites Projets Cours\Simpl Vintage\app\public\wp-blog-header.php(13): require_once('C:\\Users\\Koruno...')
#4 C:\Users\Koruno\Desktop\Pro\OpenClassrooms\Sites Projets Cours\Simpl Vintage\app\public\index.php(17): require('C:\\Users\\Koruno...')
#5 {main}
  thrown in C:\Users\Koruno\Desktop\Pro\OpenClassrooms\Sites Projets Cours\Simpl Vintage\app\public\wp-content\plugins\header-footer-elementor\header-footer-elementor.php on line 32
[14-May-2024 09:53:25 UTC] PHP Warning:  require_once(C:\Users\Koruno\Desktop\Pro\OpenClassrooms\Sites Projets Cours\Simpl Vintage\app\public\wp-content\plugins\header-footer-elementor/vendor/autoload.php): Failed to open stream: No such file or directory in C:\Users\Koruno\Desktop\Pro\OpenClassrooms\Sites Projets Cours\Simpl Vintage\app\public\wp-content\plugins\header-footer-elementor\header-footer-elementor.php on line 32
[14-May-2024 09:53:25 UTC] PHP Fatal error:  Uncaught Error: Failed opening required 'C:\Users\Koruno\Desktop\Pro\OpenClassrooms\Sites Projets Cours\Simpl Vintage\app\public\wp-content\plugins\header-footer-elementor/vendor/autoload.php' (include_path='.:/usr/share/php:/www/wp-content/pear') in C:\Users\Koruno\Desktop\Pro\OpenClassrooms\Sites Projets Cours\Simpl Vintage\app\public\wp-content\plugins\header-footer-elementor\header-footer-elementor.php:32
Stack trace:
#0 C:\Users\Koruno\Desktop\Pro\OpenClassrooms\Sites Projets Cours\Simpl Vintage\app\public\wp-settings.php(517): include_once()
#1 C:\Users\Koruno\Desktop\Pro\OpenClassrooms\Sites Projets Cours\Simpl Vintage\app\public\wp-config.php(103): require_once('C:\\Users\\Koruno...')
#2 C:\Users\Koruno\Desktop\Pro\OpenClassrooms\Sites Projets Cours\Simpl Vintage\app\public\wp-load.php(50): require_once('C:\\Users\\Koruno...')
#3 C:\Users\Koruno\Desktop\Pro\OpenClassrooms\Sites Projets Cours\Simpl Vintage\app\public\wp-admin\admin.php(34): require_once('C:\\Users\\Koruno...')
#4 C:\Users\Koruno\Desktop\Pro\OpenClassrooms\Sites Projets Cours\Simpl Vintage\app\public\wp-admin\index.php(10): require_once('C:\\Users\\Koruno...')
#5 {main}
  thrown in C:\Users\Koruno\Desktop\Pro\OpenClassrooms\Sites Projets Cours\Simpl Vintage\app\public\wp-content\plugins\header-footer-elementor\header-footer-elementor.php on line 32
[14-May-2024 09:56:04 UTC] PHP Warning:  require_once(C:\Users\Koruno\Desktop\Pro\OpenClassrooms\Sites Projets Cours\Simpl Vintage\app\public\wp-content\plugins\header-footer-elementor/vendor/autoload.php): Failed to open stream: No such file or directory in C:\Users\Koruno\Desktop\Pro\OpenClassrooms\Sites Projets Cours\Simpl Vintage\app\public\wp-content\plugins\header-footer-elementor\header-footer-elementor.php on line 32
[14-May-2024 09:56:04 UTC] PHP Fatal error:  Uncaught Error: Failed opening required 'C:\Users\Koruno\Desktop\Pro\OpenClassrooms\Sites Projets Cours\Simpl Vintage\app\public\wp-content\plugins\header-footer-elementor/vendor/autoload.php' (include_path='.:/usr/share/php:/www/wp-content/pear') in C:\Users\Koruno\Desktop\Pro\OpenClassrooms\Sites Projets Cours\Simpl Vintage\app\public\wp-content\plugins\header-footer-elementor\header-footer-elementor.php:32
Stack trace:
#0 C:\Users\Koruno\Desktop\Pro\OpenClassrooms\Sites Projets Cours\Simpl Vintage\app\public\wp-settings.php(517): include_once()
#1 C:\Users\Koruno\Desktop\Pro\OpenClassrooms\Sites Projets Cours\Simpl Vintage\app\public\wp-config.php(103): require_once('C:\\Users\\Koruno...')
#2 C:\Users\Koruno\Desktop\Pro\OpenClassrooms\Sites Projets Cours\Simpl Vintage\app\public\wp-load.php(50): require_once('C:\\Users\\Koruno...')
#3 C:\Users\Koruno\Desktop\Pro\OpenClassrooms\Sites Projets Cours\Simpl Vintage\app\public\wp-admin\admin.php(34): require_once('C:\\Users\\Koruno...')
#4 C:\Users\Koruno\Desktop\Pro\OpenClassrooms\Sites Projets Cours\Simpl Vintage\app\public\wp-admin\index.php(10): require_once('C:\\Users\\Koruno...')
#5 {main}
  thrown in C:\Users\Koruno\Desktop\Pro\OpenClassrooms\Sites Projets Cours\Simpl Vintage\app\public\wp-content\plugins\header-footer-elementor\header-footer-elementor.php on line 32
[14-May-2024 09:56:04 UTC] PHP Notice:  La fonction is_embed a été appelée de façon incorrecte. Les balises de requête conditionnelle ne fonctionnent pas avant le lancement de la requête. Avant cela, elles renvoient toujours le booléen false. Veuillez lire <a>Débogage dans WordPress</a> (en) pour plus d’informations. (Ce message a été ajouté à la version 3.1.0.) in C:\Users\Koruno\Desktop\Pro\OpenClassrooms\Sites Projets Cours\Simpl Vintage\app\public\wp-includes\functions.php on line 6078
[14-May-2024 09:56:04 UTC] PHP Notice:  La fonction is_search a été appelée de façon incorrecte. Les balises de requête conditionnelle ne fonctionnent pas avant le lancement de la requête. Avant cela, elles renvoient toujours le booléen false. Veuillez lire <a>Débogage dans WordPress</a> (en) pour plus d’informations. (Ce message a été ajouté à la version 3.1.0.) in C:\Users\Koruno\Desktop\Pro\OpenClassrooms\Sites Projets Cours\Simpl Vintage\app\public\wp-includes\functions.php on line 6078
[14-May-2024 09:56:04 UTC] PHP Warning:  require_once(C:\Users\Koruno\Desktop\Pro\OpenClassrooms\Sites Projets Cours\Simpl Vintage\app\public\wp-content\plugins\header-footer-elementor/vendor/autoload.php): Failed to open stream: No such file or directory in C:\Users\Koruno\Desktop\Pro\OpenClassrooms\Sites Projets Cours\Simpl Vintage\app\public\wp-content\plugins\header-footer-elementor\header-footer-elementor.php on line 32
[14-May-2024 09:56:04 UTC] PHP Fatal error:  Uncaught Error: Failed opening required 'C:\Users\Koruno\Desktop\Pro\OpenClassrooms\Sites Projets Cours\Simpl Vintage\app\public\wp-content\plugins\header-footer-elementor/vendor/autoload.php' (include_path='.:/usr/share/php:/www/wp-content/pear') in C:\Users\Koruno\Desktop\Pro\OpenClassrooms\Sites Projets Cours\Simpl Vintage\app\public\wp-content\plugins\header-footer-elementor\header-footer-elementor.php:32
Stack trace:
#0 C:\Users\Koruno\Desktop\Pro\OpenClassrooms\Sites Projets Cours\Simpl Vintage\app\public\wp-settings.php(517): include_once()
#1 C:\Users\Koruno\Desktop\Pro\OpenClassrooms\Sites Projets Cours\Simpl Vintage\app\public\wp-config.php(103): require_once('C:\\Users\\Koruno...')
#2 C:\Users\Koruno\Desktop\Pro\OpenClassrooms\Sites Projets Cours\Simpl Vintage\app\public\wp-load.php(50): require_once('C:\\Users\\Koruno...')
#3 C:\Users\Koruno\Desktop\Pro\OpenClassrooms\Sites Projets Cours\Simpl Vintage\app\public\wp-blog-header.php(13): require_once('C:\\Users\\Koruno...')
#4 C:\Users\Koruno\Desktop\Pro\OpenClassrooms\Sites Projets Cours\Simpl Vintage\app\public\index.php(17): require('C:\\Users\\Koruno...')
#5 {main}
  thrown in C:\Users\Koruno\Desktop\Pro\OpenClassrooms\Sites Projets Cours\Simpl Vintage\app\public\wp-content\plugins\header-footer-elementor\header-footer-elementor.php on line 32
[14-May-2024 09:56:04 UTC] PHP Notice:  La fonction is_embed a été appelée de façon incorrecte. Les balises de requête conditionnelle ne fonctionnent pas avant le lancement de la requête. Avant cela, elles renvoient toujours le booléen false. Veuillez lire <a>Débogage dans WordPress</a> (en) pour plus d’informations. (Ce message a été ajouté à la version 3.1.0.) in C:\Users\Koruno\Desktop\Pro\OpenClassrooms\Sites Projets Cours\Simpl Vintage\app\public\wp-includes\functions.php on line 6078
[14-May-2024 09:56:04 UTC] PHP Notice:  La fonction is_search a été appelée de façon incorrecte. Les balises de requête conditionnelle ne fonctionnent pas avant le lancement de la requête. Avant cela, elles renvoient toujours le booléen false. Veuillez lire <a>Débogage dans WordPress</a> (en) pour plus d’informations. (Ce message a été ajouté à la version 3.1.0.) in C:\Users\Koruno\Desktop\Pro\OpenClassrooms\Sites Projets Cours\Simpl Vintage\app\public\wp-includes\functions.php on line 6078
[14-May-2024 10:00:16 UTC] PHP Warning:  require_once(C:\Users\Koruno\Desktop\Pro\OpenClassrooms\Sites Projets Cours\Simpl Vintage\app\public\wp-content\plugins\header-footer-elementorxxx/vendor/autoload.php): Failed to open stream: No such file or directory in C:\Users\Koruno\Desktop\Pro\OpenClassrooms\Sites Projets Cours\Simpl Vintage\app\public\wp-content\plugins\header-footer-elementorxxx\header-footer-elementor.php on line 32
[14-May-2024 10:00:16 UTC] PHP Fatal error:  Uncaught Error: Failed opening required 'C:\Users\Koruno\Desktop\Pro\OpenClassrooms\Sites Projets Cours\Simpl Vintage\app\public\wp-content\plugins\header-footer-elementorxxx/vendor/autoload.php' (include_path='.:/usr/share/php:/www/wp-content/pear') in C:\Users\Koruno\Desktop\Pro\OpenClassrooms\Sites Projets Cours\Simpl Vintage\app\public\wp-content\plugins\header-footer-elementorxxx\header-footer-elementor.php:32
Stack trace:
#0 C:\Users\Koruno\Desktop\Pro\OpenClassrooms\Sites Projets Cours\Simpl Vintage\app\public\wp-admin\includes\plugin.php(2389): include_once()
#1 C:\Users\Koruno\Desktop\Pro\OpenClassrooms\Sites Projets Cours\Simpl Vintage\app\public\wp-admin\includes\plugin.php(675): plugin_sandbox_scrape('header-footer-e...')
#2 C:\Users\Koruno\Desktop\Pro\OpenClassrooms\Sites Projets Cours\Simpl Vintage\app\public\wp-admin\plugins.php(60): activate_plugin('header-footer-e...', 'http://simpl-vi...', false)
#3 {main}
  thrown in C:\Users\Koruno\Desktop\Pro\OpenClassrooms\Sites Projets Cours\Simpl Vintage\app\public\wp-content\plugins\header-footer-elementorxxx\header-footer-elementor.php on line 32
[14-May-2024 10:00:20 UTC] PHP Warning:  require_once(C:\Users\Koruno\Desktop\Pro\OpenClassrooms\Sites Projets Cours\Simpl Vintage\app\public\wp-content\plugins\header-footer-elementorxxx/vendor/autoload.php): Failed to open stream: No such file or directory in C:\Users\Koruno\Desktop\Pro\OpenClassrooms\Sites Projets Cours\Simpl Vintage\app\public\wp-content\plugins\header-footer-elementorxxx\header-footer-elementor.php on line 32
[14-May-2024 10:00:20 UTC] PHP Fatal error:  Uncaught Error: Failed opening required 'C:\Users\Koruno\Desktop\Pro\OpenClassrooms\Sites Projets Cours\Simpl Vintage\app\public\wp-content\plugins\header-footer-elementorxxx/vendor/autoload.php' (include_path='.:/usr/share/php:/www/wp-content/pear') in C:\Users\Koruno\Desktop\Pro\OpenClassrooms\Sites Projets Cours\Simpl Vintage\app\public\wp-content\plugins\header-footer-elementorxxx\header-footer-elementor.php:32
Stack trace:
#0 C:\Users\Koruno\Desktop\Pro\OpenClassrooms\Sites Projets Cours\Simpl Vintage\app\public\wp-admin\includes\plugin.php(2389): include_once()
#1 C:\Users\Koruno\Desktop\Pro\OpenClassrooms\Sites Projets Cours\Simpl Vintage\app\public\wp-admin\includes\plugin.php(675): plugin_sandbox_scrape('header-footer-e...')
#2 C:\Users\Koruno\Desktop\Pro\OpenClassrooms\Sites Projets Cours\Simpl Vintage\app\public\wp-admin\plugins.php(60): activate_plugin('header-footer-e...', 'http://simpl-vi...', false)
#3 {main}
  thrown in C:\Users\Koruno\Desktop\Pro\OpenClassrooms\Sites Projets Cours\Simpl Vintage\app\public\wp-content\plugins\header-footer-elementorxxx\header-footer-elementor.php on line 32
[14-May-2024 10:01:17 UTC] PHP Warning:  require_once(C:\Users\Koruno\Desktop\Pro\OpenClassrooms\Sites Projets Cours\Simpl Vintage\app\public\wp-content\plugins\header-footer-elementorxxx/vendor/autoload.php): Failed to open stream: No such file or directory in C:\Users\Koruno\Desktop\Pro\OpenClassrooms\Sites Projets Cours\Simpl Vintage\app\public\wp-content\plugins\header-footer-elementorxxx\header-footer-elementor.php on line 32
[14-May-2024 10:01:17 UTC] PHP Fatal error:  Uncaught Error: Failed opening required 'C:\Users\Koruno\Desktop\Pro\OpenClassrooms\Sites Projets Cours\Simpl Vintage\app\public\wp-content\plugins\header-footer-elementorxxx/vendor/autoload.php' (include_path='.:/usr/share/php:/www/wp-content/pear') in C:\Users\Koruno\Desktop\Pro\OpenClassrooms\Sites Projets Cours\Simpl Vintage\app\public\wp-content\plugins\header-footer-elementorxxx\header-footer-elementor.php:32
Stack trace:
#0 C:\Users\Koruno\Desktop\Pro\OpenClassrooms\Sites Projets Cours\Simpl Vintage\app\public\wp-admin\includes\plugin.php(2389): include_once()
#1 C:\Users\Koruno\Desktop\Pro\OpenClassrooms\Sites Projets Cours\Simpl Vintage\app\public\wp-admin\includes\plugin.php(675): plugin_sandbox_scrape('header-footer-e...')
#2 C:\Users\Koruno\Desktop\Pro\OpenClassrooms\Sites Projets Cours\Simpl Vintage\app\public\wp-admin\plugins.php(60): activate_plugin('header-footer-e...', 'http://simpl-vi...', false)
#3 {main}
  thrown in C:\Users\Koruno\Desktop\Pro\OpenClassrooms\Sites Projets Cours\Simpl Vintage\app\public\wp-content\plugins\header-footer-elementorxxx\header-footer-elementor.php on line 32
[14-May-2024 10:02:26 UTC] PHP Warning:  require_once(C:\Users\Koruno\Desktop\Pro\OpenClassrooms\Sites Projets Cours\Simpl Vintage\app\public\wp-content\plugins\header-footer-elementorxxx/vendor/autoload.php): Failed to open stream: No such file or directory in C:\Users\Koruno\Desktop\Pro\OpenClassrooms\Sites Projets Cours\Simpl Vintage\app\public\wp-content\plugins\header-footer-elementorxxx\header-footer-elementor.php on line 32
[14-May-2024 10:02:26 UTC] PHP Fatal error:  Uncaught Error: Failed opening required 'C:\Users\Koruno\Desktop\Pro\OpenClassrooms\Sites Projets Cours\Simpl Vintage\app\public\wp-content\plugins\header-footer-elementorxxx/vendor/autoload.php' (include_path='.:/usr/share/php:/www/wp-content/pear') in C:\Users\Koruno\Desktop\Pro\OpenClassrooms\Sites Projets Cours\Simpl Vintage\app\public\wp-content\plugins\header-footer-elementorxxx\header-footer-elementor.php:32
Stack trace:
#0 C:\Users\Koruno\Desktop\Pro\OpenClassrooms\Sites Projets Cours\Simpl Vintage\app\public\wp-admin\includes\plugin.php(2389): include_once()
#1 C:\Users\Koruno\Desktop\Pro\OpenClassrooms\Sites Projets Cours\Simpl Vintage\app\public\wp-admin\includes\plugin.php(675): plugin_sandbox_scrape('header-footer-e...')
#2 C:\Users\Koruno\Desktop\Pro\OpenClassrooms\Sites Projets Cours\Simpl Vintage\app\public\wp-admin\plugins.php(60): activate_plugin('header-footer-e...', 'http://simpl-vi...', false)
#3 {main}
  thrown in C:\Users\Koruno\Desktop\Pro\OpenClassrooms\Sites Projets Cours\Simpl Vintage\app\public\wp-content\plugins\header-footer-elementorxxx\header-footer-elementor.php on line 32
[14-May-2024 10:02:48 UTC] PHP Warning:  require_once(C:\Users\Koruno\Desktop\Pro\OpenClassrooms\Sites Projets Cours\Simpl Vintage\app\public\wp-content\plugins\header-footer-elementor/vendor/autoload.php): Failed to open stream: No such file or directory in C:\Users\Koruno\Desktop\Pro\OpenClassrooms\Sites Projets Cours\Simpl Vintage\app\public\wp-content\plugins\header-footer-elementor\header-footer-elementor.php on line 32
[14-May-2024 10:02:48 UTC] PHP Fatal error:  Uncaught Error: Failed opening required 'C:\Users\Koruno\Desktop\Pro\OpenClassrooms\Sites Projets Cours\Simpl Vintage\app\public\wp-content\plugins\header-footer-elementor/vendor/autoload.php' (include_path='.:/usr/share/php:/www/wp-content/pear') in C:\Users\Koruno\Desktop\Pro\OpenClassrooms\Sites Projets Cours\Simpl Vintage\app\public\wp-content\plugins\header-footer-elementor\header-footer-elementor.php:32
Stack trace:
#0 C:\Users\Koruno\Desktop\Pro\OpenClassrooms\Sites Projets Cours\Simpl Vintage\app\public\wp-admin\includes\plugin.php(2389): include_once()
#1 C:\Users\Koruno\Desktop\Pro\OpenClassrooms\Sites Projets Cours\Simpl Vintage\app\public\wp-admin\includes\plugin.php(675): plugin_sandbox_scrape('header-footer-e...')
#2 C:\Users\Koruno\Desktop\Pro\OpenClassrooms\Sites Projets Cours\Simpl Vintage\app\public\wp-admin\includes\ajax-actions.php(4584): activate_plugin('header-footer-e...')
#3 C:\Users\Koruno\Desktop\Pro\OpenClassrooms\Sites Projets Cours\Simpl Vintage\app\public\wp-includes\class-wp-hook.php(324): wp_ajax_activate_plugin('')
#4 C:\Users\Koruno\Desktop\Pro\OpenClassrooms\Sites Projets Cours\Simpl Vintage\app\public\wp-includes\class-wp-hook.php(348): WP_Hook->apply_filters('', Array)
#5 C:\Users\Koruno\Desktop\Pro\OpenClassrooms\Sites Projets Cours\Simpl Vintage\app\public\wp-includes\plugin.php(517): WP_Hook->do_action(Array)
#6 C:\Users\Koruno\Desktop\Pro\OpenClassrooms\Sites Projets Cours\Simpl Vintage\app\public\wp-admin\admin-ajax.php(192): do_action('wp_ajax_activat...')
#7 {main}
  thrown in C:\Users\Koruno\Desktop\Pro\OpenClassrooms\Sites Projets Cours\Simpl Vintage\app\public\wp-content\plugins\header-footer-elementor\header-footer-elementor.php on line 32
[14-May-2024 10:03:33 UTC] PHP Warning:  require_once(C:\Users\Koruno\Desktop\Pro\OpenClassrooms\Sites Projets Cours\Simpl Vintage\app\public\wp-content\plugins\header-footer-elementorxxx/vendor/autoload.php): Failed to open stream: No such file or directory in C:\Users\Koruno\Desktop\Pro\OpenClassrooms\Sites Projets Cours\Simpl Vintage\app\public\wp-content\plugins\header-footer-elementorxxx\header-footer-elementor.php on line 32
[14-May-2024 10:03:33 UTC] PHP Fatal error:  Uncaught Error: Failed opening required 'C:\Users\Koruno\Desktop\Pro\OpenClassrooms\Sites Projets Cours\Simpl Vintage\app\public\wp-content\plugins\header-footer-elementorxxx/vendor/autoload.php' (include_path='.:/usr/share/php:/www/wp-content/pear') in C:\Users\Koruno\Desktop\Pro\OpenClassrooms\Sites Projets Cours\Simpl Vintage\app\public\wp-content\plugins\header-footer-elementorxxx\header-footer-elementor.php:32
Stack trace:
#0 C:\Users\Koruno\Desktop\Pro\OpenClassrooms\Sites Projets Cours\Simpl Vintage\app\public\wp-admin\includes\plugin.php(2389): include_once()
#1 C:\Users\Koruno\Desktop\Pro\OpenClassrooms\Sites Projets Cours\Simpl Vintage\app\public\wp-admin\includes\plugin.php(675): plugin_sandbox_scrape('header-footer-e...')
#2 C:\Users\Koruno\Desktop\Pro\OpenClassrooms\Sites Projets Cours\Simpl Vintage\app\public\wp-admin\plugins.php(60): activate_plugin('header-footer-e...', 'http://simpl-vi...', false)
#3 {main}
  thrown in C:\Users\Koruno\Desktop\Pro\OpenClassrooms\Sites Projets Cours\Simpl Vintage\app\public\wp-content\plugins\header-footer-elementorxxx\header-footer-elementor.php on line 32
[14-May-2024 10:06:22 UTC] PHP Warning:  require_once(C:\Users\Koruno\Desktop\Pro\OpenClassrooms\Sites Projets Cours\Simpl Vintage\app\public\wp-content\plugins\header-footer-elementorxxx/vendor/autoload.php): Failed to open stream: No such file or directory in C:\Users\Koruno\Desktop\Pro\OpenClassrooms\Sites Projets Cours\Simpl Vintage\app\public\wp-content\plugins\header-footer-elementorxxx\header-footer-elementor.php on line 32
[14-May-2024 10:06:22 UTC] PHP Fatal error:  Uncaught Error: Failed opening required 'C:\Users\Koruno\Desktop\Pro\OpenClassrooms\Sites Projets Cours\Simpl Vintage\app\public\wp-content\plugins\header-footer-elementorxxx/vendor/autoload.php' (include_path='.:/usr/share/php:/www/wp-content/pear') in C:\Users\Koruno\Desktop\Pro\OpenClassrooms\Sites Projets Cours\Simpl Vintage\app\public\wp-content\plugins\header-footer-elementorxxx\header-footer-elementor.php:32
Stack trace:
#0 C:\Users\Koruno\Desktop\Pro\OpenClassrooms\Sites Projets Cours\Simpl Vintage\app\public\wp-admin\includes\plugin.php(2389): include_once()
#1 C:\Users\Koruno\Desktop\Pro\OpenClassrooms\Sites Projets Cours\Simpl Vintage\app\public\wp-admin\includes\plugin.php(675): plugin_sandbox_scrape('header-footer-e...')
#2 C:\Users\Koruno\Desktop\Pro\OpenClassrooms\Sites Projets Cours\Simpl Vintage\app\public\wp-admin\plugins.php(60): activate_plugin('header-footer-e...', 'http://simpl-vi...', false)
#3 {main}
  thrown in C:\Users\Koruno\Desktop\Pro\OpenClassrooms\Sites Projets Cours\Simpl Vintage\app\public\wp-content\plugins\header-footer-elementorxxx\header-footer-elementor.php on line 32
[14-May-2024 10:10:01 UTC] PHP Warning:  require_once(C:\Users\Koruno\Desktop\Pro\OpenClassrooms\Sites Projets Cours\Simpl Vintage\app\public\wp-content\plugins\header-footer-elementor/vendor/autoload.php): Failed to open stream: No such file or directory in C:\Users\Koruno\Desktop\Pro\OpenClassrooms\Sites Projets Cours\Simpl Vintage\app\public\wp-content\plugins\header-footer-elementor\header-footer-elementor.php on line 32
[14-May-2024 10:10:01 UTC] PHP Fatal error:  Uncaught Error: Failed opening required 'C:\Users\Koruno\Desktop\Pro\OpenClassrooms\Sites Projets Cours\Simpl Vintage\app\public\wp-content\plugins\header-footer-elementor/vendor/autoload.php' (include_path='.:/usr/share/php:/www/wp-content/pear') in C:\Users\Koruno\Desktop\Pro\OpenClassrooms\Sites Projets Cours\Simpl Vintage\app\public\wp-content\plugins\header-footer-elementor\header-footer-elementor.php:32
Stack trace:
#0 C:\Users\Koruno\Desktop\Pro\OpenClassrooms\Sites Projets Cours\Simpl Vintage\app\public\wp-admin\includes\plugin.php(2389): include_once()
#1 C:\Users\Koruno\Desktop\Pro\OpenClassrooms\Sites Projets Cours\Simpl Vintage\app\public\wp-admin\includes\plugin.php(675): plugin_sandbox_scrape('header-footer-e...')
#2 C:\Users\Koruno\Desktop\Pro\OpenClassrooms\Sites Projets Cours\Simpl Vintage\app\public\wp-admin\plugins.php(60): activate_plugin('header-footer-e...', 'http://simpl-vi...', false)
#3 {main}
  thrown in C:\Users\Koruno\Desktop\Pro\OpenClassrooms\Sites Projets Cours\Simpl Vintage\app\public\wp-content\plugins\header-footer-elementor\header-footer-elementor.php on line 32
[14-May-2024 10:10:54 UTC] PHP Warning:  require_once(C:\Users\Koruno\Desktop\Pro\OpenClassrooms\Sites Projets Cours\Simpl Vintage\app\public\wp-content\plugins\header-footer-elementor/vendor/autoload.php): Failed to open stream: No such file or directory in C:\Users\Koruno\Desktop\Pro\OpenClassrooms\Sites Projets Cours\Simpl Vintage\app\public\wp-content\plugins\header-footer-elementor\header-footer-elementor.php on line 32
[14-May-2024 10:10:54 UTC] PHP Fatal error:  Uncaught Error: Failed opening required 'C:\Users\Koruno\Desktop\Pro\OpenClassrooms\Sites Projets Cours\Simpl Vintage\app\public\wp-content\plugins\header-footer-elementor/vendor/autoload.php' (include_path='.:/usr/share/php:/www/wp-content/pear') in C:\Users\Koruno\Desktop\Pro\OpenClassrooms\Sites Projets Cours\Simpl Vintage\app\public\wp-content\plugins\header-footer-elementor\header-footer-elementor.php:32
Stack trace:
#0 C:\Users\Koruno\Desktop\Pro\OpenClassrooms\Sites Projets Cours\Simpl Vintage\app\public\wp-admin\includes\plugin.php(2389): include_once()
#1 C:\Users\Koruno\Desktop\Pro\OpenClassrooms\Sites Projets Cours\Simpl Vintage\app\public\wp-admin\includes\plugin.php(675): plugin_sandbox_scrape('header-footer-e...')
#2 C:\Users\Koruno\Desktop\Pro\OpenClassrooms\Sites Projets Cours\Simpl Vintage\app\public\wp-admin\includes\ajax-actions.php(4584): activate_plugin('header-footer-e...')
#3 C:\Users\Koruno\Desktop\Pro\OpenClassrooms\Sites Projets Cours\Simpl Vintage\app\public\wp-includes\class-wp-hook.php(324): wp_ajax_activate_plugin('')
#4 C:\Users\Koruno\Desktop\Pro\OpenClassrooms\Sites Projets Cours\Simpl Vintage\app\public\wp-includes\class-wp-hook.php(348): WP_Hook->apply_filters('', Array)
#5 C:\Users\Koruno\Desktop\Pro\OpenClassrooms\Sites Projets Cours\Simpl Vintage\app\public\wp-includes\plugin.php(517): WP_Hook->do_action(Array)
#6 C:\Users\Koruno\Desktop\Pro\OpenClassrooms\Sites Projets Cours\Simpl Vintage\app\public\wp-admin\admin-ajax.php(192): do_action('wp_ajax_activat...')
#7 {main}
  thrown in C:\Users\Koruno\Desktop\Pro\OpenClassrooms\Sites Projets Cours\Simpl Vintage\app\public\wp-content\plugins\header-footer-elementor\header-footer-elementor.php on line 32
[14-May-2024 10:10:54 UTC] PHP Warning:  require_once(C:\Users\Koruno\Desktop\Pro\OpenClassrooms\Sites Projets Cours\Simpl Vintage\app\public\wp-content\plugins\header-footer-elementor/vendor/autoload.php): Failed to open stream: No such file or directory in C:\Users\Koruno\Desktop\Pro\OpenClassrooms\Sites Projets Cours\Simpl Vintage\app\public\wp-content\plugins\header-footer-elementor\header-footer-elementor.php on line 32
[14-May-2024 10:10:54 UTC] PHP Fatal error:  Uncaught Error: Failed opening required 'C:\Users\Koruno\Desktop\Pro\OpenClassrooms\Sites Projets Cours\Simpl Vintage\app\public\wp-content\plugins\header-footer-elementor/vendor/autoload.php' (include_path='.:/usr/share/php:/www/wp-content/pear') in C:\Users\Koruno\Desktop\Pro\OpenClassrooms\Sites Projets Cours\Simpl Vintage\app\public\wp-content\plugins\header-footer-elementor\header-footer-elementor.php:32
Stack trace:
#0 C:\Users\Koruno\Desktop\Pro\OpenClassrooms\Sites Projets Cours\Simpl Vintage\app\public\wp-admin\includes\plugin.php(2389): include_once()
#1 C:\Users\Koruno\Desktop\Pro\OpenClassrooms\Sites Projets Cours\Simpl Vintage\app\public\wp-admin\includes\plugin.php(675): plugin_sandbox_scrape('header-footer-e...')
#2 C:\Users\Koruno\Desktop\Pro\OpenClassrooms\Sites Projets Cours\Simpl Vintage\app\public\wp-admin\plugins.php(60): activate_plugin('header-footer-e...', 'http://simpl-vi...', false)
#3 {main}
  thrown in C:\Users\Koruno\Desktop\Pro\OpenClassrooms\Sites Projets Cours\Simpl Vintage\app\public\wp-content\plugins\header-footer-elementor\header-footer-elementor.php on line 32
[10-Jun-2024 07:25:39 UTC] PHP Warning:  mysqli_real_connect(): (HY000/2002): Aucune connexion n’a pu être établie car l’ordinateur cible l’a expressément refusée in C:\Users\Koruno\Desktop\Pro\OpenClassrooms\Sites Projets Cours\Simpl Vintage\app\public\wp-includes\class-wpdb.php on line 1987
[10-Jun-2024 07:44:19 UTC] PHP Warning:  mysqli_real_connect(): (HY000/2002): Aucune connexion n’a pu être établie car l’ordinateur cible l’a expressément refusée in C:\Users\Koruno\Desktop\Pro\OpenClassrooms\Sites Projets Cours\Simpl Vintage\app\public\wp-includes\class-wpdb.php on line 1987
[10-Jun-2024 08:48:45 UTC] PHP Warning:  mysqli_real_connect(): (HY000/2002): Aucune connexion n’a pu être établie car l’ordinateur cible l’a expressément refusée in C:\Users\Koruno\Desktop\Pro\OpenClassrooms\Sites Projets Cours\Simpl Vintage\app\public\wp-includes\class-wpdb.php on line 1987
[11-Jun-2024 06:18:05 UTC] PHP Warning:  mysqli_real_connect(): (HY000/2002): Aucune connexion n’a pu être établie car l’ordinateur cible l’a expressément refusée in C:\Users\Koruno\Desktop\Pro\OpenClassrooms\Sites Projets Cours\Simpl Vintage\app\public\wp-includes\class-wpdb.php on line 1987
[19-Jun-2024 05:48:01 UTC] PHP Deprecated:  La fonction print_emoji_styles est obsolète depuis la version 6.4.0 ! Utilisez wp_enqueue_emoji_styles à la place. in C:\Users\Koruno\Desktop\Pro\OpenClassrooms\Sites Projets Cours\Simpl Vintage\app\public\wp-includes\functions.php on line 6078
[21-Jun-2024 04:14:00 UTC] PHP Deprecated:  La fonction print_emoji_styles est obsolète depuis la version 6.4.0 ! Utilisez wp_enqueue_emoji_styles à la place. in C:\Users\Koruno\Desktop\Pro\OpenClassrooms\Sites Projets Cours\Simpl Vintage\app\public\wp-includes\functions.php on line 6078
[21-Jun-2024 04:14:08 UTC] PHP Deprecated:  La fonction print_emoji_styles est obsolète depuis la version 6.4.0 ! Utilisez wp_enqueue_emoji_styles à la place. in C:\Users\Koruno\Desktop\Pro\OpenClassrooms\Sites Projets Cours\Simpl Vintage\app\public\wp-includes\functions.php on line 6078
[21-Jun-2024 04:19:38 UTC] PHP Deprecated:  La fonction print_emoji_styles est obsolète depuis la version 6.4.0 ! Utilisez wp_enqueue_emoji_styles à la place. in C:\Users\Koruno\Desktop\Pro\OpenClassrooms\Sites Projets Cours\Simpl Vintage\app\public\wp-includes\functions.php on line 6078
[24-Jun-2024 07:06:24 UTC] PHP Deprecated:  La fonction print_emoji_styles est obsolète depuis la version 6.4.0 ! Utilisez wp_enqueue_emoji_styles à la place. in C:\Users\Koruno\Desktop\Pro\OpenClassrooms\Sites Projets Cours\Simpl Vintage\app\public\wp-includes\functions.php on line 6078
[24-Jun-2024 07:11:47 UTC] PHP Deprecated:  La fonction print_emoji_styles est obsolète depuis la version 6.4.0 ! Utilisez wp_enqueue_emoji_styles à la place. in C:\Users\Koruno\Desktop\Pro\OpenClassrooms\Sites Projets Cours\Simpl Vintage\app\public\wp-includes\functions.php on line 6078
[01-Jul-2024 08:03:53 UTC] PHP Warning:  mysqli_real_connect(): (HY000/2002): Aucune connexion n’a pu être établie car l’ordinateur cible l’a expressément refusée in C:\Users\Koruno\Desktop\Pro\OpenClassrooms\Sites Projets Cours\Simpl Vintage\app\public\wp-includes\class-wpdb.php on line 1987
[01-Jul-2024 09:02:18 UTC] PHP Warning:  mysqli_real_connect(): (HY000/2002): Aucune connexion n’a pu être établie car l’ordinateur cible l’a expressément refusée in C:\Users\Koruno\Desktop\Pro\OpenClassrooms\Sites Projets Cours\Simpl Vintage\app\public\wp-includes\class-wpdb.php on line 1987
[01-Jul-2024 09:03:36 UTC] PHP Warning:  mysqli_real_connect(): (HY000/2002): Aucune connexion n’a pu être établie car l’ordinateur cible l’a expressément refusée in C:\Users\Koruno\Desktop\Pro\OpenClassrooms\Sites Projets Cours\Simpl Vintage\app\public\wp-includes\class-wpdb.php on line 1987
[01-Jul-2024 09:03:36 UTC] PHP Warning:  mysqli_real_connect(): (HY000/2002): Aucune connexion n’a pu être établie car l’ordinateur cible l’a expressément refusée in C:\Users\Koruno\Desktop\Pro\OpenClassrooms\Sites Projets Cours\Simpl Vintage\app\public\wp-includes\class-wpdb.php on line 1987
[01-Jul-2024 09:03:37 UTC] PHP Warning:  mysqli_real_connect(): (HY000/2002): Aucune connexion n’a pu être établie car l’ordinateur cible l’a expressément refusée in C:\Users\Koruno\Desktop\Pro\OpenClassrooms\Sites Projets Cours\Simpl Vintage\app\public\wp-includes\class-wpdb.php on line 1987
[01-Jul-2024 09:03:37 UTC] PHP Warning:  mysqli_real_connect(): (HY000/2002): Aucune connexion n’a pu être établie car l’ordinateur cible l’a expressément refusée in C:\Users\Koruno\Desktop\Pro\OpenClassrooms\Sites Projets Cours\Simpl Vintage\app\public\wp-includes\class-wpdb.php on line 1987
[01-Jul-2024 09:03:38 UTC] PHP Warning:  mysqli_real_connect(): (HY000/2002): Aucune connexion n’a pu être établie car l’ordinateur cible l’a expressément refusée in C:\Users\Koruno\Desktop\Pro\OpenClassrooms\Sites Projets Cours\Simpl Vintage\app\public\wp-includes\class-wpdb.php on line 1987
[01-Jul-2024 09:03:38 UTC] PHP Warning:  mysqli_real_connect(): (HY000/2002): Aucune connexion n’a pu être établie car l’ordinateur cible l’a expressément refusée in C:\Users\Koruno\Desktop\Pro\OpenClassrooms\Sites Projets Cours\Simpl Vintage\app\public\wp-includes\class-wpdb.php on line 1987
[01-Jul-2024 09:03:38 UTC] PHP Warning:  mysqli_real_connect(): (HY000/2002): Aucune connexion n’a pu être établie car l’ordinateur cible l’a expressément refusée in C:\Users\Koruno\Desktop\Pro\OpenClassrooms\Sites Projets Cours\Simpl Vintage\app\public\wp-includes\class-wpdb.php on line 1987
[12-Sep-2024 21:18:47 UTC] PHP Warning:  mysqli_real_connect(): (HY000/2002): Aucune connexion n’a pu être établie car l’ordinateur cible l’a expressément refusée in C:\Users\Koruno\Desktop\Pro\OpenClassrooms\Sites Projets Cours\Simpl Vintage\app\public\wp-includes\class-wpdb.php on line 1987
[17-Sep-2024 12:31:57 UTC] PHP Warning:  mysqli_real_connect(): (HY000/2002): Aucune connexion n’a pu être établie car l’ordinateur cible l’a expressément refusée in C:\Users\Koruno\Desktop\Pro\OpenClassrooms\Sites Projets Cours\Simpl Vintage\app\public\wp-includes\class-wpdb.php on line 1987
[30-Sep-2024 08:54:56 UTC] PHP Warning:  mysqli_real_connect(): (HY000/2002): Aucune connexion n’a pu être établie car l’ordinateur cible l’a expressément refusée in C:\Users\Koruno\Desktop\Pro\OpenClassrooms\Sites Projets Cours\Simpl Vintage\app\public\wp-includes\class-wpdb.php on line 1987
[30-Sep-2024 12:34:02 UTC] PHP Warning:  mysqli_real_connect(): (HY000/2002): Aucune connexion n’a pu être établie car l’ordinateur cible l’a expressément refusée in C:\Users\Koruno\Desktop\Pro\OpenClassrooms\Sites Projets Cours\Simpl Vintage\app\public\wp-includes\class-wpdb.php on line 1987
[30-Sep-2024 12:34:02 UTC] PHP Notice:  fwrite(): Write of 946 bytes failed with errno=22 Invalid argument in phar://C:/Users/Koruno/AppData/Local/Programs/Local/resources/extraResources/bin/wp-cli/wp-cli.phar/vendor/wp-cli/wp-cli/php/WP_CLI/Loggers/Base.php on line 66
[30-Sep-2024 12:38:19 UTC] PHP Warning:  mysqli_real_connect(): (HY000/2002): Aucune connexion n’a pu être établie car l’ordinateur cible l’a expressément refusée in C:\Users\Koruno\Desktop\Pro\OpenClassrooms\Sites Projets Cours\Simpl Vintage\app\public\wp-includes\class-wpdb.php on line 1987
[22-Oct-2024 14:27:13 UTC] PHP Warning:  mysqli_real_connect(): (HY000/2002): Aucune connexion n’a pu être établie car l’ordinateur cible l’a expressément refusée in C:\Users\Koruno\Desktop\Pro\OpenClassrooms\Sites Projets Cours\Simpl Vintage\app\public\wp-includes\class-wpdb.php on line 1987
[27-Oct-2024 15:50:57 UTC] PHP Warning:  mysqli_real_connect(): (HY000/2002): Aucune connexion n’a pu être établie car l’ordinateur cible l’a expressément refusée in C:\Users\Koruno\Desktop\Pro\OpenClassrooms\Sites Projets Cours\Simpl Vintage\app\public\wp-includes\class-wpdb.php on line 1987
[06-Nov-2024 17:03:08 UTC] PHP Deprecated:  La fonction print_emoji_styles est obsolète depuis la version 6.4.0 ! Utilisez wp_enqueue_emoji_styles à la place. in C:\Users\Koruno\Desktop\Pro\OpenClassrooms\Sites Projets Cours\Simpl Vintage\app\public\wp-includes\functions.php on line 6078
[16-Dec-2024 11:18:36 UTC] PHP Warning:  mysqli_real_connect(): (HY000/2002): Aucune connexion n’a pu être établie car l’ordinateur cible l’a expressément refusée in C:\Users\Koruno\Desktop\Pro\OpenClassrooms\Sites Projets Cours\Simpl Vintage\app\public\wp-includes\class-wpdb.php on line 1982
[22-Dec-2024 14:58:04 UTC] PHP Warning:  mysqli_real_connect(): (HY000/2002): Aucune connexion n’a pu être établie car l’ordinateur cible l’a expressément refusée in C:\Users\Koruno\Desktop\Pro\OpenClassrooms\Sites Projets Cours\Simpl Vintage\app\public\wp-includes\class-wpdb.php on line 1982
